Log file open, 01/28/19 12:52:26
LogWindows: Failed to load 'aqProf.dll' (GetLastError=126)
LogWindows: File 'aqProf.dll' does not exist
LogWindows: Failed to load 'VtuneApi.dll' (GetLastError=126)
LogWindows: File 'VtuneApi.dll' does not exist
LogWindows: Failed to load 'VtuneApi32e.dll' (GetLastError=126)
LogWindows: File 'VtuneApi32e.dll' does not exist
LogConsoleResponse: Display: Failed to find resolution value strings in scalability ini. Falling back to default.
LogInit: Display: Running engine for game: AgeofTiles
LogPakFile: Registered encryption key '00000000000000000000000000000000': 0 pak files mounted, 0 remain pending
LogPlatformFile: Not using cached read wrapper
LogTaskGraph: Started task graph with 5 named threads and 47 total threads with 3 sets of task threads.
LogStats: Stats thread started at 1.085452
LogD3D11RHI: Loaded GFSDK_Aftermath_Lib.x64.dll
LogICUInternationalization: ICU TimeZone Detection - Raw Offset: +8:00, Platform Override: ''
LogPluginManager: Mounting plugin Paper2D
LogPluginManager: Mounting plugin AISupport
LogPluginManager: Mounting plugin LightPropagationVolume
LogPluginManager: Mounting plugin ActorLayerUtilities
LogPluginManager: Mounting plugin CLionSourceCodeAccess
LogPluginManager: Mounting plugin CodeLiteSourceCodeAccess
LogPluginManager: Mounting plugin GitSourceControl
LogPluginManager: Mounting plugin KDevelopSourceCodeAccess
LogPluginManager: Mounting plugin NullSourceCodeAccess
LogPluginManager: Mounting plugin PerforceSourceControl
LogPluginManager: Mounting plugin SubversionSourceControl
LogPluginManager: Mounting plugin UObjectPlugin
LogPluginManager: Mounting plugin VisualStudioCodeSourceCodeAccess
LogPluginManager: Mounting plugin VisualStudioSourceCodeAccess
LogPluginManager: Mounting plugin XCodeSourceCodeAccess
LogPluginManager: Mounting plugin AssetManagerEditor
LogPluginManager: Mounting plugin CryptoKeys
LogPluginManager: Mounting plugin DataValidation
LogPluginManager: Mounting plugin FacialAnimation
LogPluginManager: Mounting plugin GameplayTagsEditor
LogPluginManager: Mounting plugin MacGraphicsSwitching
LogPluginManager: Mounting plugin MeshEditor
LogPluginManager: Mounting plugin MobileLauncherProfileWizard
LogPluginManager: Mounting plugin PluginBrowser
LogPluginManager: Mounting plugin SpeedTreeImporter
LogPluginManager: Mounting plugin DatasmithContent
LogPluginManager: Mounting plugin VariantManagerContent
LogPluginManager: Mounting plugin AlembicImporter
LogPluginManager: Mounting plugin AppleImageUtils
LogPluginManager: Mounting plugin AppleVision
LogPluginManager: Mounting plugin BackChannel
LogPluginManager: Mounting plugin CharacterAI
LogPluginManager: Mounting plugin GeometryCache
LogPluginManager: Mounting plugin HTML5Networking
LogPluginManager: Mounting plugin ProxyLODPlugin
LogPluginManager: Mounting plugin MagicLeap
LogPluginManager: Mounting plugin MagicLeapMedia
LogPluginManager: Mounting plugin AndroidMedia
LogPluginManager: Mounting plugin AvfMedia
LogPluginManager: Mounting plugin ImgMedia
LogPluginManager: Mounting plugin LinearTimecode
LogPluginManager: Mounting plugin MediaCompositing
LogPluginManager: Mounting plugin MediaPlayerEditor
LogPluginManager: Mounting plugin WebMMedia
LogPluginManager: Mounting plugin WmfMedia
LogPluginManager: Mounting plugin TcpMessaging
LogPluginManager: Mounting plugin UdpMessaging
LogPluginManager: Mounting plugin ActorSequence
LogPluginManager: Mounting plugin LevelSequenceEditor
LogPluginManager: Mounting plugin MatineeToLevelSequence
LogPluginManager: Mounting plugin NetcodeUnitTest
LogPluginManager: Mounting plugin NUTUnrealEngine4
LogPluginManager: Mounting plugin OnlineSubsystemGooglePlay
LogPluginManager: Mounting plugin OnlineSubsystemIOS
LogPluginManager: Mounting plugin OnlineSubsystem
LogPluginManager: Mounting plugin OnlineSubsystemNull
LogPluginManager: Mounting plugin OnlineSubsystemUtils
LogPluginManager: Mounting plugin LauncherChunkInstaller
LogPluginManager: Mounting plugin AndroidDeviceProfileSelector
LogPluginManager: Mounting plugin AndroidMoviePlayer
LogPluginManager: Mounting plugin AndroidPermission
LogPluginManager: Mounting plugin AppleMoviePlayer
LogPluginManager: Mounting plugin ArchVisCharacter
LogPluginManager: Mounting plugin AudioCapture
LogPluginManager: Mounting plugin CableComponent
LogPluginManager: Mounting plugin CustomMeshComponent
LogPluginManager: Mounting plugin EditableMesh
LogPluginManager: Mounting plugin ExampleDeviceProfileSelector
LogPluginManager: Mounting plugin Firebase
LogPluginManager: Mounting plugin GoogleCloudMessaging
LogPluginManager: Mounting plugin IOSDeviceProfileSelector
LogPluginManager: Mounting plugin LinuxDeviceProfileSelector
LogPluginManager: Mounting plugin LocationServicesBPLibrary
LogPluginManager: Mounting plugin MobilePatchingUtils
LogPluginManager: Mounting plugin OculusVR
LogPluginManager: Mounting plugin PhysXVehicles
LogPluginManager: Mounting plugin ProceduralMeshComponent
LogPluginManager: Mounting plugin RuntimePhysXCooking
LogPluginManager: Mounting plugin SteamVR
LogPluginManager: Mounting plugin WebMMoviePlayer
LogPluginManager: Mounting plugin WindowsMoviePlayer
LogStreaming: Display: Took  0.114s to configure plugins.
LogInit: Using libcurl 7.55.1-DEV
LogInit:  - built for x86_64-pc-win32
LogInit:  - supports SSL with OpenSSL/1.0.2h
LogInit:  - supports HTTP deflate (compression) using libz 1.2.8
LogInit:  - other features:
LogInit:      CURL_VERSION_SSL
LogInit:      CURL_VERSION_LIBZ
LogInit:      CURL_VERSION_IPV6
LogInit:      CURL_VERSION_ASYNCHDNS
LogInit:      CURL_VERSION_LARGEFILE
LogInit:      CURL_VERSION_IDN
LogInit:  CurlRequestOptions (configurable via config and command line):
LogInit:  - bVerifyPeer = true  - Libcurl will verify peer certificate
LogInit:  - bUseHttpProxy = false  - Libcurl will NOT use HTTP proxy
LogInit:  - bDontReuseConnections = false  - Libcurl will reuse connections
LogInit:  - MaxHostConnections = 16  - Libcurl will limit the number of connections to a host
LogInit:  - LocalHostAddr = Default
LogInit:  - BufferSize = 65536
LogInit: WinSock: version 1.1 (2.2), MaxSocks=32767, MaxUdp=65467
LogInit: Build: ++UE4+Release-4.21-CL-4753647
LogInit: Engine Version: 4.21.2-4753647+++UE4+Release-4.21
LogInit: Compatible Engine Version: 4.21.0-4541578+++UE4+Release-4.21
LogInit: Net CL: 4541578
LogInit: OS: Windows 10 (), CPU: AMD Ryzen 7 1700X Eight-Core Processor         , GPU: NVIDIA GeForce GTX 1070 Ti
LogInit: Compiled (64-bit): Jan 19 2019 02:07:31
LogInit: Compiled with Visual C++: 19.13.26129.00
LogInit: Build Configuration: Development
LogInit: Branch Name: ++UE4+Release-4.21
LogInit: Command Line: 
LogInit: Base Directory: C:/Program Files/Epic Games/UE_4.21/Engine/Binaries/Win64/
LogInit: Installed Engine Build: 1
LogDevObjectVersion: Number of dev versions registered: 22
LogDevObjectVersion:   Dev-Blueprints (B0D832E4-1F89-4F0D-ACCF-7EB736FD4AA2): 10
LogDevObjectVersion:   Dev-Build (E1C64328-A22C-4D53-A36C-8E866417BD8C): 0
LogDevObjectVersion:   Dev-Core (375EC13C-06E4-48FB-B500-84F0262A717E): 2
LogDevObjectVersion:   Dev-Editor (E4B068ED-F494-42E9-A231-DA0B2E46BB41): 26
LogDevObjectVersion:   Dev-Framework (CFFC743F-43B0-4480-9391-14DF171D2073): 34
LogDevObjectVersion:   Dev-Mobile (B02B49B5-BB20-44E9-A304-32B752E40360): 2
LogDevObjectVersion:   Dev-Networking (A4E4105C-59A1-49B5-A7C5-40C4547EDFEE): 0
LogDevObjectVersion:   Dev-Online (39C831C9-5AE6-47DC-9A44-9C173E1C8E7C): 0
LogDevObjectVersion:   Dev-Physics (78F01B33-EBEA-4F98-B9B4-84EACCB95AA2): 0
LogDevObjectVersion:   Dev-Platform (6631380F-2D4D-43E0-8009-CF276956A95A): 0
LogDevObjectVersion:   Dev-Rendering (12F88B9F-8875-4AFC-A67C-D90C383ABD29): 27
LogDevObjectVersion:   Dev-Sequencer (7B5AE74C-D270-4C10-A958-57980B212A5A): 9
LogDevObjectVersion:   Dev-VR (D7296918-1DD6-4BDD-9DE2-64A83CC13884): 2
LogDevObjectVersion:   Dev-LoadTimes (C2A15278-BFE7-4AFE-6C17-90FF531DF755): 1
LogDevObjectVersion:   Private-Geometry (6EACA3D4-40EC-4CC1-B786-8BED09428FC5): 3
LogDevObjectVersion:   Dev-AnimPhys (29E575DD-E0A3-4627-9D10-D276232CDCEA): 17
LogDevObjectVersion:   Dev-Anim (AF43A65D-7FD3-4947-9873-3E8ED9C1BB05): 2
LogDevObjectVersion:   Dev-ReflectionCapture (6B266CEC-1EC7-4B8F-A30B-E4D90942FC07): 1
LogDevObjectVersion:   Dev-Automation (0DF73D61-A23F-47EA-B727-89E90C41499A): 1
LogDevObjectVersion:   FortniteMain (601D1886-AC64-4F84-AA16-D3DE0DEAC7D6): 17
LogDevObjectVersion:   Dev-Enterprise (9DFFBCD6-494F-0158-E221-12823C92A888): 4
LogDevObjectVersion:   Dev-Niagara (F2AED0AC-9AFE-416F-8664-AA7FFA26D6FC): 1
LogStreaming: Display: Took  0.004s to delete old logs.
LogInit: Presizing for max 8388607 objects, including 0 objects not considered by GC, pre-allocating 0 bytes for permanent pool.
LogInit: Object subsystem initialized
LogConfig: Setting CVar [[con.DebugEarlyDefault:1]]
LogConfig: Setting CVar [[r.setres:1280x720]]
[2019.01.28-04.52.27:205][  0]LogConfig: Setting CVar [[r.VSync:0]]
[2019.01.28-04.52.27:205][  0]LogConfig: Setting CVar [[r.RHICmdBypass:0]]
[2019.01.28-04.52.27:206][  0]LogConfig: Applying CVar settings from Section [/Script/Engine.RendererSettings] File [C:/Users/mdmur/Documents/Unreal Projects/AgeOfTiles/Saved/Config/Windows/Engine.ini]
[2019.01.28-04.52.27:206][  0]LogConfig: Setting CVar [[r.GPUCrashDebugging:0]]
[2019.01.28-04.52.27:206][  0]LogConfig: Applying CVar settings from Section [/Script/Engine.RendererOverrideSettings] File [C:/Users/mdmur/Documents/Unreal Projects/AgeOfTiles/Saved/Config/Windows/Engine.ini]
[2019.01.28-04.52.27:206][  0]LogConfig: Applying CVar settings from Section [/Script/Engine.StreamingSettings] File [C:/Users/mdmur/Documents/Unreal Projects/AgeOfTiles/Saved/Config/Windows/Engine.ini]
[2019.01.28-04.52.27:206][  0]LogConfig: Setting CVar [[s.MinBulkDataSizeForAsyncLoading:131072]]
[2019.01.28-04.52.27:206][  0]LogConfig: Setting CVar [[s.AsyncLoadingThreadEnabled:0]]
[2019.01.28-04.52.27:206][  0]LogConfig: Setting CVar [[s.EventDrivenLoaderEnabled:1]]
[2019.01.28-04.52.27:206][  0]LogConfig: Setting CVar [[s.WarnIfTimeLimitExceeded:0]]
[2019.01.28-04.52.27:206][  0]LogConfig: Setting CVar [[s.TimeLimitExceededMultiplier:1.5]]
[2019.01.28-04.52.27:206][  0]LogConfig: Setting CVar [[s.TimeLimitExceededMinTime:0.005]]
[2019.01.28-04.52.27:206][  0]LogConfig: Setting CVar [[s.UseBackgroundLevelStreaming:1]]
[2019.01.28-04.52.27:206][  0]LogConfig: Setting CVar [[s.PriorityAsyncLoadingExtraTime:15.0]]
[2019.01.28-04.52.27:206][  0]LogConfig: Setting CVar [[s.LevelStreamingActorsUpdateTimeLimit:5.0]]
[2019.01.28-04.52.27:206][  0]LogConfig: Setting CVar [[s.PriorityLevelStreamingActorsUpdateExtraTime:5.0]]
[2019.01.28-04.52.27:206][  0]LogConfig: Setting CVar [[s.LevelStreamingComponentsRegistrationGranularity:10]]
[2019.01.28-04.52.27:206][  0]LogConfig: Setting CVar [[s.UnregisterComponentsTimeLimit:1.0]]
[2019.01.28-04.52.27:206][  0]LogConfig: Setting CVar [[s.LevelStreamingComponentsUnregistrationGranularity:5]]
[2019.01.28-04.52.27:206][  0]LogConfig: Applying CVar settings from Section [/Script/Engine.GarbageCollectionSettings] File [C:/Users/mdmur/Documents/Unreal Projects/AgeOfTiles/Saved/Config/Windows/Engine.ini]
[2019.01.28-04.52.27:206][  0]LogConfig: Setting CVar [[gc.MaxObjectsNotConsideredByGC:1]]
[2019.01.28-04.52.27:206][  0]LogConfig: Setting CVar [[gc.SizeOfPermanentObjectPool:0]]
[2019.01.28-04.52.27:206][  0]LogConfig: Setting CVar [[gc.FlushStreamingOnGC:0]]
[2019.01.28-04.52.27:206][  0]LogConfig: Setting CVar [[gc.NumRetriesBeforeForcingGC:10]]
[2019.01.28-04.52.27:206][  0]LogConfig: Setting CVar [[gc.AllowParallelGC:1]]
[2019.01.28-04.52.27:206][  0]LogConfig: Setting CVar [[gc.TimeBetweenPurgingPendingKillObjects:61.1]]
[2019.01.28-04.52.27:206][  0]LogConfig: Setting CVar [[gc.MaxObjectsInEditor:8388607]]
[2019.01.28-04.52.27:206][  0]LogConfig: Setting CVar [[gc.IncrementalBeginDestroyEnabled:1]]
[2019.01.28-04.52.27:206][  0]LogConfig: Setting CVar [[gc.CreateGCClusters:1]]
[2019.01.28-04.52.27:206][  0]LogConfig: Setting CVar [[gc.MergeGCClusters:0]]
[2019.01.28-04.52.27:206][  0]LogConfig: Setting CVar [[gc.MinGCClusterSize:5]]
[2019.01.28-04.52.27:206][  0]LogConfig: Setting CVar [[gc.ActorClusteringEnabled:0]]
[2019.01.28-04.52.27:206][  0]LogConfig: Setting CVar [[gc.BlueprintClusteringEnabled:0]]
[2019.01.28-04.52.27:206][  0]LogConfig: Setting CVar [[gc.UseDisregardForGCOnDedicatedServers:0]]
[2019.01.28-04.52.27:206][  0]LogConfig: Applying CVar settings from Section [/Script/Engine.NetworkSettings] File [C:/Users/mdmur/Documents/Unreal Projects/AgeOfTiles/Saved/Config/Windows/Engine.ini]
[2019.01.28-04.52.27:206][  0]LogConfig: Applying CVar settings from Section [/Script/UnrealEd.CookerSettings] File [C:/Users/mdmur/Documents/Unreal Projects/AgeOfTiles/Saved/Config/Windows/Engine.ini]
[2019.01.28-04.52.27:225][  0]LogConfig: Applying CVar settings from Section [ViewDistanceQuality@3] File [C:/Users/mdmur/Documents/Unreal Projects/AgeOfTiles/Saved/Config/Windows/Scalability.ini]
[2019.01.28-04.52.27:225][  0]LogConfig: Setting CVar [[r.SkeletalMeshLODBias:0]]
[2019.01.28-04.52.27:225][  0]LogConfig: Setting CVar [[r.ViewDistanceScale:1.0]]
[2019.01.28-04.52.27:225][  0]LogConfig: Applying CVar settings from Section [AntiAliasingQuality@3] File [C:/Users/mdmur/Documents/Unreal Projects/AgeOfTiles/Saved/Config/Windows/Scalability.ini]
[2019.01.28-04.52.27:225][  0]LogConfig: Setting CVar [[r.PostProcessAAQuality:4]]
[2019.01.28-04.52.27:226][  0]LogConfig: Applying CVar settings from Section [ShadowQuality@3] File [C:/Users/mdmur/Documents/Unreal Projects/AgeOfTiles/Saved/Config/Windows/Scalability.ini]
[2019.01.28-04.52.27:226][  0]LogConfig: Setting CVar [[r.LightFunctionQuality:1]]
[2019.01.28-04.52.27:226][  0]LogConfig: Setting CVar [[r.ShadowQuality:5]]
[2019.01.28-04.52.27:226][  0]LogConfig: Setting CVar [[r.Shadow.CSM.MaxCascades:10]]
[2019.01.28-04.52.27:226][  0]LogConfig: Setting CVar [[r.Shadow.MaxResolution:2048]]
[2019.01.28-04.52.27:226][  0]LogConfig: Setting CVar [[r.Shadow.MaxCSMResolution:2048]]
[2019.01.28-04.52.27:226][  0]LogConfig: Setting CVar [[r.Shadow.RadiusThreshold:0.01]]
[2019.01.28-04.52.27:226][  0]LogConfig: Setting CVar [[r.Shadow.DistanceScale:1.0]]
[2019.01.28-04.52.27:226][  0]LogConfig: Setting CVar [[r.Shadow.CSM.TransitionScale:1.0]]
[2019.01.28-04.52.27:226][  0]LogConfig: Setting CVar [[r.Shadow.PreShadowResolutionFactor:1.0]]
[2019.01.28-04.52.27:226][  0]LogConfig: Setting CVar [[r.DistanceFieldShadowing:1]]
[2019.01.28-04.52.27:226][  0]LogConfig: Setting CVar [[r.DistanceFieldAO:1]]
[2019.01.28-04.52.27:226][  0]LogConfig: Setting CVar [[r.AOQuality:2]]
[2019.01.28-04.52.27:226][  0]LogConfig: Setting CVar [[r.VolumetricFog:1]]
[2019.01.28-04.52.27:226][  0]LogConfig: Setting CVar [[r.VolumetricFog.GridPixelSize:8]]
[2019.01.28-04.52.27:226][  0]LogConfig: Setting CVar [[r.VolumetricFog.GridSizeZ:128]]
[2019.01.28-04.52.27:226][  0]LogConfig: Setting CVar [[r.VolumetricFog.HistoryMissSupersampleCount:4]]
[2019.01.28-04.52.27:226][  0]LogConfig: Setting CVar [[r.LightMaxDrawDistanceScale:1]]
[2019.01.28-04.52.27:226][  0]LogConfig: Setting CVar [[r.CapsuleShadows:1]]
[2019.01.28-04.52.27:226][  0]LogConfig: Applying CVar settings from Section [PostProcessQuality@3] File [C:/Users/mdmur/Documents/Unreal Projects/AgeOfTiles/Saved/Config/Windows/Scalability.ini]
[2019.01.28-04.52.27:226][  0]LogConfig: Setting CVar [[r.MotionBlurQuality:4]]
[2019.01.28-04.52.27:226][  0]LogConfig: Setting CVar [[r.AmbientOcclusionMipLevelFactor:0.4]]
[2019.01.28-04.52.27:226][  0]LogConfig: Setting CVar [[r.AmbientOcclusionMaxQuality:100]]
[2019.01.28-04.52.27:226][  0]LogConfig: Setting CVar [[r.AmbientOcclusionLevels:-1]]
[2019.01.28-04.52.27:226][  0]LogConfig: Setting CVar [[r.AmbientOcclusionRadiusScale:1.0]]
[2019.01.28-04.52.27:226][  0]LogConfig: Setting CVar [[r.DepthOfFieldQuality:2]]
[2019.01.28-04.52.27:226][  0]LogConfig: Setting CVar [[r.RenderTargetPoolMin:400]]
[2019.01.28-04.52.27:226][  0]LogConfig: Setting CVar [[r.LensFlareQuality:2]]
[2019.01.28-04.52.27:226][  0]LogConfig: Setting CVar [[r.SceneColorFringeQuality:1]]
[2019.01.28-04.52.27:226][  0]LogConfig: Setting CVar [[r.EyeAdaptationQuality:2]]
[2019.01.28-04.52.27:226][  0]LogConfig: Setting CVar [[r.BloomQuality:5]]
[2019.01.28-04.52.27:226][  0]LogConfig: Setting CVar [[r.FastBlurThreshold:100]]
[2019.01.28-04.52.27:226][  0]LogConfig: Setting CVar [[r.Upscale.Quality:3]]
[2019.01.28-04.52.27:226][  0]LogConfig: Setting CVar [[r.Tonemapper.GrainQuantization:1]]
[2019.01.28-04.52.27:226][  0]LogConfig: Setting CVar [[r.LightShaftQuality:1]]
[2019.01.28-04.52.27:226][  0]LogConfig: Setting CVar [[r.Filter.SizeScale:1]]
[2019.01.28-04.52.27:226][  0]LogConfig: Setting CVar [[r.Tonemapper.Quality:5]]
[2019.01.28-04.52.27:226][  0]LogConfig: Setting CVar [[r.DOF.Gather.AccumulatorQuality:1        ; higher gathering accumulator quality]]
[2019.01.28-04.52.27:226][  0]LogConfig: Setting CVar [[r.DOF.Gather.PostfilterMethod:1          ; Median3x3 postfilering method]]
[2019.01.28-04.52.27:226][  0]LogConfig: Setting CVar [[r.DOF.Gather.EnableBokehSettings:0       ; no bokeh simulation when gathering]]
[2019.01.28-04.52.27:226][  0]LogConfig: Setting CVar [[r.DOF.Gather.RingCount:4                 ; medium number of samples when gathering]]
[2019.01.28-04.52.27:226][  0]LogConfig: Setting CVar [[r.DOF.Scatter.ForegroundCompositing:1    ; additive foreground scattering]]
[2019.01.28-04.52.27:226][  0]LogConfig: Setting CVar [[r.DOF.Scatter.BackgroundCompositing:2    ; additive background scattering]]
[2019.01.28-04.52.27:226][  0]LogConfig: Setting CVar [[r.DOF.Scatter.EnableBokehSettings:1      ; bokeh simulation when scattering]]
[2019.01.28-04.52.27:226][  0]LogConfig: Setting CVar [[r.DOF.Scatter.MaxSpriteRatio:0.1         ; only a maximum of 10% of scattered bokeh]]
[2019.01.28-04.52.27:226][  0]LogConfig: Setting CVar [[r.DOF.Recombine.Quality:1                ; cheap slight out of focus]]
[2019.01.28-04.52.27:226][  0]LogConfig: Setting CVar [[r.DOF.Recombine.EnableBokehSettings:0    ; no bokeh simulation on slight out of focus]]
[2019.01.28-04.52.27:226][  0]LogConfig: Setting CVar [[r.DOF.TemporalAAQuality:1                ; more stable temporal accumulation]]
[2019.01.28-04.52.27:226][  0]LogConfig: Setting CVar [[r.DOF.Kernel.MaxForegroundRadius:0.025]]
[2019.01.28-04.52.27:226][  0]LogConfig: Setting CVar [[r.DOF.Kernel.MaxBackgroundRadius:0.025]]
[2019.01.28-04.52.27:226][  0]LogConfig: Applying CVar settings from Section [TextureQuality@3] File [C:/Users/mdmur/Documents/Unreal Projects/AgeOfTiles/Saved/Config/Windows/Scalability.ini]
[2019.01.28-04.52.27:226][  0]LogConfig: Setting CVar [[r.Streaming.MipBias:0]]
[2019.01.28-04.52.27:226][  0]LogConfig: Setting CVar [[r.Streaming.AmortizeCPUToGPUCopy:0]]
[2019.01.28-04.52.27:226][  0]LogConfig: Setting CVar [[r.Streaming.MaxNumTexturesToStreamPerFrame:0]]
[2019.01.28-04.52.27:226][  0]LogConfig: Setting CVar [[r.Streaming.Boost:1]]
[2019.01.28-04.52.27:226][  0]LogConfig: Setting CVar [[r.MaxAnisotropy:8]]
[2019.01.28-04.52.27:226][  0]LogConfig: Setting CVar [[r.Streaming.LimitPoolSizeToVRAM:0]]
[2019.01.28-04.52.27:226][  0]LogConfig: Setting CVar [[r.Streaming.PoolSize:1000]]
[2019.01.28-04.52.27:226][  0]LogConfig: Setting CVar [[r.Streaming.MaxEffectiveScreenSize:0]]
[2019.01.28-04.52.27:226][  0]LogConfig: Applying CVar settings from Section [EffectsQuality@3] File [C:/Users/mdmur/Documents/Unreal Projects/AgeOfTiles/Saved/Config/Windows/Scalability.ini]
[2019.01.28-04.52.27:226][  0]LogConfig: Setting CVar [[r.TranslucencyLightingVolumeDim:64]]
[2019.01.28-04.52.27:226][  0]LogConfig: Setting CVar [[r.RefractionQuality:2]]
[2019.01.28-04.52.27:226][  0]LogConfig: Setting CVar [[r.SSR.Quality:3]]
[2019.01.28-04.52.27:226][  0]LogConfig: Setting CVar [[r.SceneColorFormat:4]]
[2019.01.28-04.52.27:226][  0]LogConfig: Setting CVar [[r.DetailMode:2]]
[2019.01.28-04.52.27:226][  0]LogConfig: Setting CVar [[r.TranslucencyVolumeBlur:1]]
[2019.01.28-04.52.27:226][  0]LogConfig: Setting CVar [[r.MaterialQualityLevel:1 ; High quality]]
[2019.01.28-04.52.27:226][  0]LogConfig: Setting CVar [[r.SSS.Scale:1]]
[2019.01.28-04.52.27:226][  0]LogConfig: Setting CVar [[r.SSS.SampleSet:2]]
[2019.01.28-04.52.27:226][  0]LogConfig: Setting CVar [[r.SSS.Quality:1]]
[2019.01.28-04.52.27:226][  0]LogConfig: Setting CVar [[r.SSS.HalfRes:1]]
[2019.01.28-04.52.27:226][  0]LogConfig: Setting CVar [[r.EmitterSpawnRateScale:1.0]]
[2019.01.28-04.52.27:226][  0]LogConfig: Setting CVar [[r.ParticleLightQuality:2]]
[2019.01.28-04.52.27:226][  0]LogConfig: Applying CVar settings from Section [FoliageQuality@3] File [C:/Users/mdmur/Documents/Unreal Projects/AgeOfTiles/Saved/Config/Windows/Scalability.ini]
[2019.01.28-04.52.27:226][  0]LogConfig: Setting CVar [[foliage.DensityScale:1.0]]
[2019.01.28-04.52.27:226][  0]LogConfig: Setting CVar [[grass.DensityScale:1.0]]
[2019.01.28-04.52.27:227][  0]LogInit: Selected Device Profile: [Windows]
[2019.01.28-04.52.27:227][  0]LogInit: Applying CVar settings loaded from the selected device profile: [Windows]
[2019.01.28-04.52.27:253][  0]LogHAL: Display: Platform has ~ 16 GB [17127763968 / 17179869184 / 16], which maps to Larger [LargestMinGB=32, LargerMinGB=12, DefaultMinGB=8, SmallerMinGB=6, SmallestMinGB=0)
[2019.01.28-04.52.27:254][  0]LogConfig: Setting CVar [[r.Vulkan.UseRealUBs:1]]
[2019.01.28-04.52.27:254][  0]LogInit: Going up to parent DeviceProfile []
[2019.01.28-04.52.27:254][  0]LogConfig: Applying CVar settings from Section [ViewDistanceQuality@3] File [C:/Users/mdmur/Documents/Unreal Projects/AgeOfTiles/Saved/Config/Windows/Scalability.ini]
[2019.01.28-04.52.27:254][  0]LogConfig: Setting CVar [[r.SkeletalMeshLODBias:0]]
[2019.01.28-04.52.27:254][  0]LogConfig: Setting CVar [[r.ViewDistanceScale:1.0]]
[2019.01.28-04.52.27:254][  0]LogConfig: Applying CVar settings from Section [AntiAliasingQuality@3] File [C:/Users/mdmur/Documents/Unreal Projects/AgeOfTiles/Saved/Config/Windows/Scalability.ini]
[2019.01.28-04.52.27:254][  0]LogConfig: Setting CVar [[r.PostProcessAAQuality:4]]
[2019.01.28-04.52.27:254][  0]LogConfig: Applying CVar settings from Section [ShadowQuality@3] File [C:/Users/mdmur/Documents/Unreal Projects/AgeOfTiles/Saved/Config/Windows/Scalability.ini]
[2019.01.28-04.52.27:254][  0]LogConfig: Setting CVar [[r.LightFunctionQuality:1]]
[2019.01.28-04.52.27:254][  0]LogConfig: Setting CVar [[r.ShadowQuality:5]]
[2019.01.28-04.52.27:254][  0]LogConfig: Setting CVar [[r.Shadow.CSM.MaxCascades:10]]
[2019.01.28-04.52.27:254][  0]LogConfig: Setting CVar [[r.Shadow.MaxResolution:2048]]
[2019.01.28-04.52.27:254][  0]LogConfig: Setting CVar [[r.Shadow.MaxCSMResolution:2048]]
[2019.01.28-04.52.27:254][  0]LogConfig: Setting CVar [[r.Shadow.RadiusThreshold:0.01]]
[2019.01.28-04.52.27:254][  0]LogConfig: Setting CVar [[r.Shadow.DistanceScale:1.0]]
[2019.01.28-04.52.27:254][  0]LogConfig: Setting CVar [[r.Shadow.CSM.TransitionScale:1.0]]
[2019.01.28-04.52.27:254][  0]LogConfig: Setting CVar [[r.Shadow.PreShadowResolutionFactor:1.0]]
[2019.01.28-04.52.27:254][  0]LogConfig: Setting CVar [[r.DistanceFieldShadowing:1]]
[2019.01.28-04.52.27:254][  0]LogConfig: Setting CVar [[r.DistanceFieldAO:1]]
[2019.01.28-04.52.27:254][  0]LogConfig: Setting CVar [[r.AOQuality:2]]
[2019.01.28-04.52.27:254][  0]LogConfig: Setting CVar [[r.VolumetricFog:1]]
[2019.01.28-04.52.27:254][  0]LogConfig: Setting CVar [[r.VolumetricFog.GridPixelSize:8]]
[2019.01.28-04.52.27:254][  0]LogConfig: Setting CVar [[r.VolumetricFog.GridSizeZ:128]]
[2019.01.28-04.52.27:254][  0]LogConfig: Setting CVar [[r.VolumetricFog.HistoryMissSupersampleCount:4]]
[2019.01.28-04.52.27:254][  0]LogConfig: Setting CVar [[r.LightMaxDrawDistanceScale:1]]
[2019.01.28-04.52.27:254][  0]LogConfig: Setting CVar [[r.CapsuleShadows:1]]
[2019.01.28-04.52.27:254][  0]LogConfig: Applying CVar settings from Section [PostProcessQuality@3] File [C:/Users/mdmur/Documents/Unreal Projects/AgeOfTiles/Saved/Config/Windows/Scalability.ini]
[2019.01.28-04.52.27:254][  0]LogConfig: Setting CVar [[r.MotionBlurQuality:4]]
[2019.01.28-04.52.27:254][  0]LogConfig: Setting CVar [[r.AmbientOcclusionMipLevelFactor:0.4]]
[2019.01.28-04.52.27:254][  0]LogConfig: Setting CVar [[r.AmbientOcclusionMaxQuality:100]]
[2019.01.28-04.52.27:254][  0]LogConfig: Setting CVar [[r.AmbientOcclusionLevels:-1]]
[2019.01.28-04.52.27:254][  0]LogConfig: Setting CVar [[r.AmbientOcclusionRadiusScale:1.0]]
[2019.01.28-04.52.27:254][  0]LogConfig: Setting CVar [[r.DepthOfFieldQuality:2]]
[2019.01.28-04.52.27:254][  0]LogConfig: Setting CVar [[r.RenderTargetPoolMin:400]]
[2019.01.28-04.52.27:254][  0]LogConfig: Setting CVar [[r.LensFlareQuality:2]]
[2019.01.28-04.52.27:254][  0]LogConfig: Setting CVar [[r.SceneColorFringeQuality:1]]
[2019.01.28-04.52.27:254][  0]LogConfig: Setting CVar [[r.EyeAdaptationQuality:2]]
[2019.01.28-04.52.27:254][  0]LogConfig: Setting CVar [[r.BloomQuality:5]]
[2019.01.28-04.52.27:254][  0]LogConfig: Setting CVar [[r.FastBlurThreshold:100]]
[2019.01.28-04.52.27:254][  0]LogConfig: Setting CVar [[r.Upscale.Quality:3]]
[2019.01.28-04.52.27:254][  0]LogConfig: Setting CVar [[r.Tonemapper.GrainQuantization:1]]
[2019.01.28-04.52.27:254][  0]LogConfig: Setting CVar [[r.LightShaftQuality:1]]
[2019.01.28-04.52.27:254][  0]LogConfig: Setting CVar [[r.Filter.SizeScale:1]]
[2019.01.28-04.52.27:254][  0]LogConfig: Setting CVar [[r.Tonemapper.Quality:5]]
[2019.01.28-04.52.27:254][  0]LogConfig: Setting CVar [[r.DOF.Gather.AccumulatorQuality:1        ; higher gathering accumulator quality]]
[2019.01.28-04.52.27:254][  0]LogConfig: Setting CVar [[r.DOF.Gather.PostfilterMethod:1          ; Median3x3 postfilering method]]
[2019.01.28-04.52.27:254][  0]LogConfig: Setting CVar [[r.DOF.Gather.EnableBokehSettings:0       ; no bokeh simulation when gathering]]
[2019.01.28-04.52.27:254][  0]LogConfig: Setting CVar [[r.DOF.Gather.RingCount:4                 ; medium number of samples when gathering]]
[2019.01.28-04.52.27:254][  0]LogConfig: Setting CVar [[r.DOF.Scatter.ForegroundCompositing:1    ; additive foreground scattering]]
[2019.01.28-04.52.27:254][  0]LogConfig: Setting CVar [[r.DOF.Scatter.BackgroundCompositing:2    ; additive background scattering]]
[2019.01.28-04.52.27:254][  0]LogConfig: Setting CVar [[r.DOF.Scatter.EnableBokehSettings:1      ; bokeh simulation when scattering]]
[2019.01.28-04.52.27:254][  0]LogConfig: Setting CVar [[r.DOF.Scatter.MaxSpriteRatio:0.1         ; only a maximum of 10% of scattered bokeh]]
[2019.01.28-04.52.27:254][  0]LogConfig: Setting CVar [[r.DOF.Recombine.Quality:1                ; cheap slight out of focus]]
[2019.01.28-04.52.27:254][  0]LogConfig: Setting CVar [[r.DOF.Recombine.EnableBokehSettings:0    ; no bokeh simulation on slight out of focus]]
[2019.01.28-04.52.27:254][  0]LogConfig: Setting CVar [[r.DOF.TemporalAAQuality:1                ; more stable temporal accumulation]]
[2019.01.28-04.52.27:254][  0]LogConfig: Setting CVar [[r.DOF.Kernel.MaxForegroundRadius:0.025]]
[2019.01.28-04.52.27:254][  0]LogConfig: Setting CVar [[r.DOF.Kernel.MaxBackgroundRadius:0.025]]
[2019.01.28-04.52.27:254][  0]LogConfig: Applying CVar settings from Section [TextureQuality@3] File [C:/Users/mdmur/Documents/Unreal Projects/AgeOfTiles/Saved/Config/Windows/Scalability.ini]
[2019.01.28-04.52.27:255][  0]LogConfig: Setting CVar [[r.Streaming.MipBias:0]]
[2019.01.28-04.52.27:255][  0]LogConfig: Setting CVar [[r.Streaming.AmortizeCPUToGPUCopy:0]]
[2019.01.28-04.52.27:255][  0]LogConfig: Setting CVar [[r.Streaming.MaxNumTexturesToStreamPerFrame:0]]
[2019.01.28-04.52.27:255][  0]LogConfig: Setting CVar [[r.Streaming.Boost:1]]
[2019.01.28-04.52.27:255][  0]LogConfig: Setting CVar [[r.MaxAnisotropy:8]]
[2019.01.28-04.52.27:255][  0]LogConfig: Setting CVar [[r.Streaming.LimitPoolSizeToVRAM:0]]
[2019.01.28-04.52.27:255][  0]LogConfig: Setting CVar [[r.Streaming.PoolSize:1000]]
[2019.01.28-04.52.27:255][  0]LogConfig: Setting CVar [[r.Streaming.MaxEffectiveScreenSize:0]]
[2019.01.28-04.52.27:255][  0]LogConfig: Applying CVar settings from Section [EffectsQuality@3] File [C:/Users/mdmur/Documents/Unreal Projects/AgeOfTiles/Saved/Config/Windows/Scalability.ini]
[2019.01.28-04.52.27:255][  0]LogConfig: Setting CVar [[r.TranslucencyLightingVolumeDim:64]]
[2019.01.28-04.52.27:255][  0]LogConfig: Setting CVar [[r.RefractionQuality:2]]
[2019.01.28-04.52.27:255][  0]LogConfig: Setting CVar [[r.SSR.Quality:3]]
[2019.01.28-04.52.27:255][  0]LogConfig: Setting CVar [[r.SceneColorFormat:4]]
[2019.01.28-04.52.27:255][  0]LogConfig: Setting CVar [[r.DetailMode:2]]
[2019.01.28-04.52.27:255][  0]LogConfig: Setting CVar [[r.TranslucencyVolumeBlur:1]]
[2019.01.28-04.52.27:255][  0]LogConfig: Setting CVar [[r.MaterialQualityLevel:1 ; High quality]]
[2019.01.28-04.52.27:255][  0]LogConfig: Setting CVar [[r.SSS.Scale:1]]
[2019.01.28-04.52.27:255][  0]LogConfig: Setting CVar [[r.SSS.SampleSet:2]]
[2019.01.28-04.52.27:255][  0]LogConfig: Setting CVar [[r.SSS.Quality:1]]
[2019.01.28-04.52.27:255][  0]LogConfig: Setting CVar [[r.SSS.HalfRes:1]]
[2019.01.28-04.52.27:255][  0]LogConfig: Setting CVar [[r.EmitterSpawnRateScale:1.0]]
[2019.01.28-04.52.27:255][  0]LogConfig: Setting CVar [[r.ParticleLightQuality:2]]
[2019.01.28-04.52.27:255][  0]LogConfig: Applying CVar settings from Section [FoliageQuality@3] File [C:/Users/mdmur/Documents/Unreal Projects/AgeOfTiles/Saved/Config/Windows/Scalability.ini]
[2019.01.28-04.52.27:255][  0]LogConfig: Setting CVar [[foliage.DensityScale:1.0]]
[2019.01.28-04.52.27:255][  0]LogConfig: Setting CVar [[grass.DensityScale:1.0]]
[2019.01.28-04.52.27:255][  0]LogConfig: Applying CVar settings from Section [Startup] File [../../../Engine/Config/ConsoleVariables.ini]
[2019.01.28-04.52.27:260][  0]LogConfig: Setting CVar [[net.UseAdaptiveNetUpdateFrequency:0]]
[2019.01.28-04.52.27:260][  0]LogConfig: Applying CVar settings from Section [ConsoleVariables] File [C:/Users/mdmur/Documents/Unreal Projects/AgeOfTiles/Saved/Config/Windows/Engine.ini]
[2019.01.28-04.52.27:264][  0]LogInit: Computer: DESKTOP-DRGIK0M
[2019.01.28-04.52.27:264][  0]LogInit: User: mdmur
[2019.01.28-04.52.27:264][  0]LogInit: CPU Page size=4096, Cores=8
[2019.01.28-04.52.27:264][  0]LogInit: High frequency timer resolution =3.314084 MHz
[2019.01.28-04.52.27:265][  0]LogMemory: Memory total: Physical=16.0GB (16GB approx)
[2019.01.28-04.52.27:265][  0]LogMemory: Platform Memory Stats for Windows
[2019.01.28-04.52.27:265][  0]LogMemory: Process Physical Memory: 105.21 MB used, 105.21 MB peak
[2019.01.28-04.52.27:265][  0]LogMemory: Process Virtual Memory: 95.14 MB used, 95.14 MB peak
[2019.01.28-04.52.27:265][  0]LogMemory: Physical Memory: 4816.57 MB used,  11517.73 MB free, 16334.31 MB total
[2019.01.28-04.52.27:265][  0]LogMemory: Virtual Memory: 4684.65 MB used,  134213040.00 MB free, 134217728.00 MB total
[2019.01.28-04.52.27:465][  0]LogInit: Using OS detected language (en-US).
[2019.01.28-04.52.27:465][  0]LogInit: Using OS detected locale (en-AU).
[2019.01.28-04.52.27:469][  0]LogTextLocalizationManager: No specific localization for 'en-US' exists, so the 'en' localization will be used.
[2019.01.28-04.52.28:065][  0]LogStreaming: Display: Took  0.599s to InitEngineTextLocalization.
[2019.01.28-04.52.28:065][  0]LogInit: Setting process to per monitor DPI aware
[2019.01.28-04.52.28:187][  0]LogSlate: New Slate User Created.  User Index 0, Is Virtual User: 0
[2019.01.28-04.52.28:187][  0]LogSlate: Slate User Registered.  User Index 0, Is Virtual User: 0
[2019.01.28-04.52.30:679][  0]LogHMD: Failed to initialize OpenVR with code 126
[2019.01.28-04.52.30:679][  0]LogD3D11RHI: D3D11 adapters:
[2019.01.28-04.52.30:782][  0]LogD3D11RHI:    0. 'NVIDIA GeForce GTX 1070 Ti' (Feature Level 11_0)
[2019.01.28-04.52.30:783][  0]LogD3D11RHI:       8080/0/8167 MB DedicatedVideo/DedicatedSystem/SharedSystem, Outputs:3, VendorId:0x10de
[2019.01.28-04.52.30:785][  0]LogD3D11RHI:    1. 'Microsoft Basic Render Driver' (Feature Level 11_0)
[2019.01.28-04.52.30:785][  0]LogD3D11RHI:       0/0/8167 MB DedicatedVideo/DedicatedSystem/SharedSystem, Outputs:0, VendorId:0x1414
[2019.01.28-04.52.30:785][  0]LogD3D11RHI: Chosen D3D11 Adapter: 0
[2019.01.28-04.52.30:796][  0]LogD3D11RHI: Creating new Direct3DDevice
[2019.01.28-04.52.30:796][  0]LogD3D11RHI:     GPU DeviceId: 0x1b82 (for the marketing name, search the web for "GPU Device Id")
[2019.01.28-04.52.30:796][  0]LogWindows: EnumDisplayDevices:
[2019.01.28-04.52.30:796][  0]LogWindows:    0. 'NVIDIA GeForce GTX 1070 Ti' (P:1 D:1)
[2019.01.28-04.52.30:796][  0]LogWindows:    1. 'NVIDIA GeForce GTX 1070 Ti' (P:0 D:1)
[2019.01.28-04.52.30:797][  0]LogWindows:    2. 'NVIDIA GeForce GTX 1070 Ti' (P:0 D:1)
[2019.01.28-04.52.30:797][  0]LogWindows:    3. 'NVIDIA GeForce GTX 1070 Ti' (P:0 D:0)
[2019.01.28-04.52.30:797][  0]LogWindows: DebugString: FoundDriverCount:4 
[2019.01.28-04.52.30:797][  0]LogD3D11RHI:     Adapter Name: NVIDIA GeForce GTX 1070 Ti
[2019.01.28-04.52.30:797][  0]LogD3D11RHI:   Driver Version: 417.22 (internal:25.21.14.1722, unified:417.22)
[2019.01.28-04.52.30:797][  0]LogD3D11RHI:      Driver Date: 11-29-2018
[2019.01.28-04.52.30:797][  0]LogRHI: Texture pool is 5656 MB (70% of 8080 MB)
[2019.01.28-04.52.30:852][  0]LogD3D11RHI: Async texture creation enabled
[2019.01.28-04.52.30:900][  0]LogD3D11RHI: GPU Timing Frequency: 1000.000000 (Debug: 2 2)
[2019.01.28-04.52.31:371][  0]LogTemp: Display: Loaded TP AllDesktopTargetPlatform
[2019.01.28-04.52.31:390][  0]LogTemp: Display: Loaded TP MacClientTargetPlatform
[2019.01.28-04.52.31:408][  0]LogTemp: Display: Loaded TP MacNoEditorTargetPlatform
[2019.01.28-04.52.31:426][  0]LogTemp: Display: Loaded TP MacServerTargetPlatform
[2019.01.28-04.52.31:449][  0]LogTemp: Display: Loaded TP MacTargetPlatform
[2019.01.28-04.52.31:472][  0]LogTemp: Display: Loaded TP WindowsClientTargetPlatform
[2019.01.28-04.52.31:491][  0]LogTemp: Display: Loaded TP WindowsNoEditorTargetPlatform
[2019.01.28-04.52.31:520][  0]LogTemp: Display: Loaded TP WindowsServerTargetPlatform
[2019.01.28-04.52.31:529][  0]LogTemp: Display: Loaded TP WindowsTargetPlatform
[2019.01.28-04.52.31:637][  0]LogTemp: Display: Loaded TP AndroidTargetPlatform
[2019.01.28-04.52.31:637][  0]LogTemp: Display: Loaded TP AndroidTargetPlatform
[2019.01.28-04.52.31:637][  0]LogTemp: Display: Loaded TP AndroidTargetPlatform
[2019.01.28-04.52.31:637][  0]LogTemp: Display: Loaded TP AndroidTargetPlatform
[2019.01.28-04.52.31:637][  0]LogTemp: Display: Loaded TP AndroidTargetPlatform
[2019.01.28-04.52.31:637][  0]LogTemp: Display: Loaded TP AndroidTargetPlatform
[2019.01.28-04.52.31:637][  0]LogTemp: Display: Loaded TP AndroidTargetPlatform
[2019.01.28-04.52.31:637][  0]LogTemp: Display: Loaded TP AndroidTargetPlatform
[2019.01.28-04.52.31:637][  0]LogTemp: Display: Loaded TP AndroidTargetPlatform
[2019.01.28-04.52.31:637][  0]LogTemp: Display: Loaded TP AndroidTargetPlatform
[2019.01.28-04.52.31:637][  0]LogTemp: Display: Loaded TP AndroidTargetPlatform
[2019.01.28-04.52.31:637][  0]LogTemp: Display: Loaded TP AndroidTargetPlatform
[2019.01.28-04.52.31:637][  0]LogTemp: Display: Loaded TP AndroidTargetPlatform
[2019.01.28-04.52.31:637][  0]LogTemp: Display: Loaded TP AndroidTargetPlatform
[2019.01.28-04.52.31:637][  0]LogTemp: Display: Loaded TP AndroidTargetPlatform
[2019.01.28-04.52.31:637][  0]LogTemp: Display: Loaded TP AndroidTargetPlatform
[2019.01.28-04.52.31:637][  0]LogTemp: Display: Loaded TP AndroidTargetPlatform
[2019.01.28-04.52.31:637][  0]LogTemp: Display: Loaded TP AndroidTargetPlatform
[2019.01.28-04.52.31:640][  0]LogTemp: Display: Loaded TP HTML5TargetPlatform
[2019.01.28-04.52.31:721][  0]LogTemp: Display: Loaded TP IOSTargetPlatform
[2019.01.28-04.52.31:721][  0]LogTemp: Display: Loaded TP IOSTargetPlatform
[2019.01.28-04.52.31:754][  0]LogTemp: Display: Loaded TP TVOSTargetPlatform
[2019.01.28-04.52.31:754][  0]LogTemp: Display: Loaded TP TVOSTargetPlatform
[2019.01.28-04.52.31:776][  0]LogTemp: Display: Loaded TP LinuxClientTargetPlatform
[2019.01.28-04.52.31:861][  0]LogTemp: Display: Loaded TP LinuxNoEditorTargetPlatform
[2019.01.28-04.52.31:880][  0]LogTemp: Display: Loaded TP LinuxServerTargetPlatform
[2019.01.28-04.52.31:911][  0]LogTemp: Display: Loaded TP LinuxTargetPlatform
[2019.01.28-04.52.31:981][  0]LogTemp: Display: Loaded TP LuminTargetPlatform
[2019.01.28-04.52.31:981][  0]LogTemp: Display: Loaded TP LuminTargetPlatform
[2019.01.28-04.52.31:981][  0]LogTargetPlatformManager: Display: Building Assets For Windows
[2019.01.28-04.52.32:177][  0]LogShaderCompilers: Guid format shader working directory is -21 characters bigger than the processId version (../../../../../../Users/mdmur/Documents/Unreal Projects/AgeOfTiles/Intermediate/Shaders/WorkingDirectory/26668/).
[2019.01.28-04.52.32:177][  0]LogShaderCompilers: Cleaned the shader compiler working directory 'C:/Users/mdmur/AppData/Local/Temp/UnrealShaderWorkingDir/F867324E4490FCB1C823CC84ADDEC55F/'.
[2019.01.28-04.52.32:181][  0]LogXGEController: Cleaning working directory: C:/Users/mdmur/AppData/Local/Temp/UnrealXGEWorkingDir/
[2019.01.28-04.52.32:181][  0]LogXGEController: Cannot use XGE Controller as Incredibuild is not installed on this machine.
[2019.01.28-04.52.32:181][  0]LogShaderCompilers: Cannot use XGE Shader Compiler as Incredibuild is not installed on this machine.
[2019.01.28-04.52.32:181][  0]LogShaderCompilers: Display: Using Local Shader Compiler.
[2019.01.28-04.52.34:064][  0]LogDerivedDataCache: Display: Max Cache Size: 512 MB
[2019.01.28-04.52.34:246][  0]LogDerivedDataCache: Loaded boot cache 0.18s 71MB C:/Users/mdmur/AppData/Local/UnrealEngine/4.21/DerivedDataCache/Boot.ddc.
[2019.01.28-04.52.34:246][  0]LogDerivedDataCache: Display: Loaded Boot cache: C:/Users/mdmur/AppData/Local/UnrealEngine/4.21/DerivedDataCache/Boot.ddc
[2019.01.28-04.52.34:246][  0]LogDerivedDataCache: FDerivedDataBackendGraph:  Pak pak cache file ../../../../../../Users/mdmur/Documents/Unreal Projects/AgeOfTiles/DerivedDataCache/DDC.ddp not found, will not use a pak cache.
[2019.01.28-04.52.34:246][  0]LogDerivedDataCache: Unable to find inner node Pak for hierarchical cache Hierarchy.
[2019.01.28-04.52.34:246][  0]LogDerivedDataCache: FDerivedDataBackendGraph:  CompressedPak pak cache file ../../../../../../Users/mdmur/Documents/Unreal Projects/AgeOfTiles/DerivedDataCache/Compressed.ddp not found, will not use a pak cache.
[2019.01.28-04.52.34:246][  0]LogDerivedDataCache: Unable to find inner node CompressedPak for hierarchical cache Hierarchy.
[2019.01.28-04.52.34:268][  0]LogDerivedDataCache: Display: Pak cache opened for reading ../../../Engine/DerivedDataCache/Compressed.ddp.
[2019.01.28-04.52.34:269][  0]LogDerivedDataCache: FDerivedDataBackendGraph:  EnterprisePak pak cache file ../../../Enterprise/DerivedDataCache/Compressed.ddp not found, will not use a pak cache.
[2019.01.28-04.52.34:269][  0]LogDerivedDataCache: Unable to find inner node EnterprisePak for hierarchical cache Hierarchy.
[2019.01.28-04.52.34:281][  0]LogDerivedDataCache: Using Local data cache path C:/Users/mdmur/AppData/Local/UnrealEngine/Common/DerivedDataCache: Writable
[2019.01.28-04.52.34:281][  0]LogDerivedDataCache: Shared data cache path not found in *engine.ini, will not use an Shared cache.
[2019.01.28-04.52.34:281][  0]LogDerivedDataCache: Unable to find inner node Shared for hierarchical cache Hierarchy.
[2019.01.28-04.52.34:307][  0]LogMaterial: Verifying Global Shaders for PCD3D_SM5
[2019.01.28-04.52.34:312][  0]LogSlate: Using FreeType 2.6.0
[2019.01.28-04.52.34:332][  0]LogSlate: SlateFontServices - WITH_FREETYPE: 1, WITH_HARFBUZZ: 1
[2019.01.28-04.52.34:614][  0]LogAssetRegistry: FAssetRegistry took 0.0383 seconds to start up
[2019.01.28-04.52.35:046][  0]LogInit: Selected Device Profile: [Windows]
[2019.01.28-04.52.35:280][  0]LogSimplygon: Simplygon DLL not present - disabling.
[2019.01.28-04.52.35:298][  0]LogMeshReduction: Using SimplygonSwarm for distributed automatic mesh merging
[2019.01.28-04.52.35:298][  0]LogMeshReduction: Using ProxyLODMeshReduction for automatic mesh merging
[2019.01.28-04.52.35:298][  0]LogMeshReduction: Using QuadricMeshReduction for automatic static mesh reduction
[2019.01.28-04.52.35:299][  0]LogMeshReduction: No automatic skeletal mesh reduction module available
[2019.01.28-04.52.35:442][  0]LogNetVersion: AgeofTiles 1.0.0, NetCL: 4541578, EngineNetVer: 5, GameNetVer: 0 (Checksum: 2632728394)
[2019.01.28-04.52.36:765][  0]LogPackageLocalizationCache: Processed 11 localized package path(s) for 2 prioritized culture(s) in 0.136638 seconds
[2019.01.28-04.52.36:773][  0]LogUObjectArray: 39775 objects as part of root set at end of initial load.
[2019.01.28-04.52.36:773][  0]LogUObjectAllocator: 6914656 out of 0 bytes used by permanent object pool.
[2019.01.28-04.52.36:773][  0]LogUObjectArray: CloseDisregardForGC: 0/0 objects in disregard for GC pool
[2019.01.28-04.52.40:179][  0]LogTcpMessaging: Initializing TcpMessaging bridge
[2019.01.28-04.52.40:195][  0]LogUdpMessaging: Initializing bridge on interface 0.0.0.0:0 to multicast group 230.0.0.1:6666.
[2019.01.28-04.52.41:142][  0]SourceControl: Source control is disabled
[2019.01.28-04.52.41:142][  0]SourceControl: Source control is disabled
[2019.01.28-04.52.41:155][  0]SourceControl: Source control is disabled
[2019.01.28-04.52.41:159][  0]SourceControl: Source control is disabled
[2019.01.28-04.52.41:643][  0]LogAndroidPermission: UAndroidPermissionCallbackProxy::GetInstance
[2019.01.28-04.52.41:777][  0]LogOcInput: OculusInput pre-init called
[2019.01.28-04.52.41:990][  0]LogEngine: Initializing Engine...
[2019.01.28-04.52.42:022][  0]LogHMD: Failed to initialize OpenVR with code 126
[2019.01.28-04.52.42:025][  0]LogStats: UGameplayTagsManager::ConstructGameplayTagTree: ImportINI prefixes -  0.000 s
[2019.01.28-04.52.42:025][  0]LogStats: UGameplayTagsManager::ConstructGameplayTagTree: Construct from data asset -  0.000 s
[2019.01.28-04.52.42:025][  0]LogStats: UGameplayTagsManager::ConstructGameplayTagTree: ImportINI -  0.000 s
[2019.01.28-04.52.42:026][  0]LogStats: UGameplayTagsManager::ConstructGameplayTagTree: GameplayTagTreeChangedEvent.Broadcast -  0.000 s
[2019.01.28-04.52.42:503][  0]LogInit: Initializing FReadOnlyCVARCache
[2019.01.28-04.52.42:565][  0]LogAIModule: Creating AISystem for world Untitled
[2019.01.28-04.52.42:596][  0]LogInit: XAudio2 using 'Speakers / Headphones (Plantronics HD1)' : 6 channels at 48 kHz using 24 bits per sample (channel mask 0x3f)
[2019.01.28-04.52.42:647][  0]LogInit: FAudioDevice initialized.
[2019.01.28-04.52.42:647][  0]LogNetVersion: Set ProjectVersion to 1.0.0.0. Version Checksum will be recalculated on next use.
[2019.01.28-04.52.42:745][  0]LogDerivedDataCache: Saved boot cache 0.10s 71MB C:/Users/mdmur/AppData/Local/UnrealEngine/4.21/DerivedDataCache/Boot.ddc.
[2019.01.28-04.52.42:757][  0]LogInit: Texture streaming: Enabled
[2019.01.28-04.52.42:783][  0]LogEngineSessionManager: EngineSessionManager initialized
[2019.01.28-04.52.42:811][  0]LogInit: Transaction tracking system initialized
[2019.01.28-04.52.42:875][  0]BlueprintLog: New page: Editor Load
[2019.01.28-04.52.43:071][  0]LocalizationService: Localization service is disabled
[2019.01.28-04.52.43:446][  0]LogLinker: Warning: Can't find file '/Game/TopDownBP/TopDownOverview'
[2019.01.28-04.52.43:447][  0]LogLinker: Warning: Can't find file '/Game/TopDownBP/TopDownOverview'
[2019.01.28-04.52.43:447][  0]LogUObjectGlobals: Warning: Failed to find object 'Class /Game/TopDownBP/TopDownOverview.TopDownOverview_C'
[2019.01.28-04.52.44:013][  0]LogFileCache: Scanning file cache for directory 'C:/Users/mdmur/Documents/Unreal Projects/AgeOfTiles/Content/' took 0.03s
[2019.01.28-04.52.44:014][  0]LogCook: Display: Max memory allowance for cook 16384mb min free memory 0mb
[2019.01.28-04.52.44:014][  0]LogCook: Display: Mobile HDR setting 1
[2019.01.28-04.52.44:014][  0]LogGameplayTags: Display: UGameplayTagsManager::DoneAddingNativeTags. DelegateIsBound: 0
[2019.01.28-04.52.44:014][  0]LogStats: UGameplayTagsManager::ConstructGameplayTagTree: ImportINI prefixes -  0.000 s
[2019.01.28-04.52.44:014][  0]LogStats: UGameplayTagsManager::ConstructGameplayTagTree: Construct from data asset -  0.000 s
[2019.01.28-04.52.44:014][  0]LogStats: UGameplayTagsManager::ConstructGameplayTagTree: ImportINI -  0.000 s
[2019.01.28-04.52.44:014][  0]LogStats: UGameplayTagsManager::ConstructGameplayTagTree: GameplayTagTreeChangedEvent.Broadcast -  0.000 s
[2019.01.28-04.52.44:376][  0]SourceControl: Source control is disabled
[2019.01.28-04.52.44:377][  0]Cmd: MAP LOAD FILE="../../../../../../Users/mdmur/Documents/Unreal Projects/AgeOfTiles/Content/AgeofTiles/Maps/RTSTestMap.umap" TEMPLATE=0 SHOWPROGRESS=1 FEATURELEVEL=3
[2019.01.28-04.52.44:378][  0]LightingResults: New page: Lighting Build
[2019.01.28-04.52.44:388][  0]MapCheck: New page: Map Check
[2019.01.28-04.52.44:388][  0]LightingResults: New page: Lighting Build
[2019.01.28-04.52.45:517][  0]LogAIModule: Creating AISystem for world RTSTestMap
[2019.01.28-04.52.45:567][  0]LogEditorServer: Finished looking for orphan Actors (0.000 secs)
[2019.01.28-04.52.45:612][  0]Cmd: MAP CHECKDEP NOCLEARLOG
[2019.01.28-04.52.45:612][  0]MapCheck: Map check complete: 0 Error(s), 0 Warning(s), took 0.186ms to complete.
[2019.01.28-04.52.45:612][  0]LogFileHelpers: Loading map 'RTSTestMap' took 1.236
[2019.01.28-04.52.45:767][  0]LogSlate: Updating window title bar state: overlay mode, drag disabled, window buttons hidden, title bar hidden
[2019.01.28-04.52.45:776][  0]LogSlate: Updating window title bar state: overlay mode, drag disabled, window buttons hidden, title bar hidden
[2019.01.28-04.52.45:786][  0]LogSlate: Updating window title bar state: overlay mode, drag disabled, window buttons hidden, title bar hidden
[2019.01.28-04.52.45:795][  0]LogSlate: Updating window title bar state: overlay mode, drag disabled, window buttons hidden, title bar hidden
[2019.01.28-04.52.45:814][  0]LogCollectionManager: Loaded 0 collections in 0.002234 seconds
[2019.01.28-04.52.45:855][  0]LogFileCache: Scanning file cache for directory 'C:/Users/mdmur/Documents/Unreal Projects/AgeOfTiles/Saved/Collections/' took 0.01s
[2019.01.28-04.52.45:855][  0]LogFileCache: Scanning file cache for directory 'C:/Users/mdmur/Documents/Unreal Projects/AgeOfTiles/Content/Developers/mdmur/Collections/' took 0.01s
[2019.01.28-04.52.45:855][  0]LogFileCache: Scanning file cache for directory 'C:/Users/mdmur/Documents/Unreal Projects/AgeOfTiles/Content/Collections/' took 0.00s
[2019.01.28-04.52.45:855][  0]LogCollectionManager: Rebuilt the GUID cache for 0 collections in 0.000000 seconds
[2019.01.28-04.52.45:869][  0]LogContentBrowser: Native class hierarchy populated in 0.0126 seconds. Added 2652 classes and 622 folders.
[2019.01.28-04.52.45:882][  0]LogContentBrowser: Native class hierarchy updated for 'WidgetCarousel' in 0.0004 seconds. Added 0 classes and 0 folders.
[2019.01.28-04.52.45:892][  0]LogPakFile: Registered encryption key '00000000000000000000000000000000': 0 pak files mounted, 0 remain pending
[2019.01.28-04.52.45:899][  0]LogPakFile: Registered encryption key '00000000000000000000000000000000': 0 pak files mounted, 0 remain pending
[2019.01.28-04.52.45:927][  0]LogPakFile: Registered encryption key '00000000000000000000000000000000': 0 pak files mounted, 0 remain pending
[2019.01.28-04.52.45:932][  0]LogPakFile: Registered encryption key '00000000000000000000000000000000': 0 pak files mounted, 0 remain pending
[2019.01.28-04.52.45:938][  0]LogPakFile: Registered encryption key '00000000000000000000000000000000': 0 pak files mounted, 0 remain pending
[2019.01.28-04.52.45:943][  0]LogPakFile: Registered encryption key '00000000000000000000000000000000': 0 pak files mounted, 0 remain pending
[2019.01.28-04.52.45:949][  0]LogPakFile: Registered encryption key '00000000000000000000000000000000': 0 pak files mounted, 0 remain pending
[2019.01.28-04.52.45:955][  0]LogPakFile: Registered encryption key '00000000000000000000000000000000': 0 pak files mounted, 0 remain pending
[2019.01.28-04.52.45:961][  0]LogPakFile: Registered encryption key '00000000000000000000000000000000': 0 pak files mounted, 0 remain pending
[2019.01.28-04.52.45:968][  0]LogPakFile: Registered encryption key '00000000000000000000000000000000': 0 pak files mounted, 0 remain pending
[2019.01.28-04.52.45:973][  0]LogPakFile: Registered encryption key '00000000000000000000000000000000': 0 pak files mounted, 0 remain pending
[2019.01.28-04.52.45:978][  0]LogPakFile: Registered encryption key '00000000000000000000000000000000': 0 pak files mounted, 0 remain pending
[2019.01.28-04.52.45:985][  0]LogPakFile: Registered encryption key '00000000000000000000000000000000': 0 pak files mounted, 0 remain pending
[2019.01.28-04.52.45:991][  0]LogPakFile: Registered encryption key '00000000000000000000000000000000': 0 pak files mounted, 0 remain pending
[2019.01.28-04.52.45:996][  0]LogPakFile: Registered encryption key '00000000000000000000000000000000': 0 pak files mounted, 0 remain pending
[2019.01.28-04.52.46:003][  0]LogPakFile: Registered encryption key '00000000000000000000000000000000': 0 pak files mounted, 0 remain pending
[2019.01.28-04.52.46:039][  0]LogPakFile: Registered encryption key '00000000000000000000000000000000': 0 pak files mounted, 0 remain pending
[2019.01.28-04.52.46:045][  0]LogPakFile: Registered encryption key '00000000000000000000000000000000': 0 pak files mounted, 0 remain pending
[2019.01.28-04.52.46:051][  0]LogPakFile: Registered encryption key '00000000000000000000000000000000': 0 pak files mounted, 0 remain pending
[2019.01.28-04.52.46:056][  0]LogPakFile: Registered encryption key '00000000000000000000000000000000': 0 pak files mounted, 0 remain pending
[2019.01.28-04.52.46:103][  0]LogPakFile: Registered encryption key '00000000000000000000000000000000': 0 pak files mounted, 0 remain pending
[2019.01.28-04.52.46:120][  0]LogPakFile: Registered encryption key '00000000000000000000000000000000': 0 pak files mounted, 0 remain pending
[2019.01.28-04.52.46:129][  0]LogPakFile: Registered encryption key '00000000000000000000000000000000': 0 pak files mounted, 0 remain pending
[2019.01.28-04.52.46:136][  0]LogPakFile: Registered encryption key '00000000000000000000000000000000': 0 pak files mounted, 0 remain pending
[2019.01.28-04.52.46:143][  0]LogPakFile: Registered encryption key '00000000000000000000000000000000': 0 pak files mounted, 0 remain pending
[2019.01.28-04.52.46:148][  0]LogPakFile: Registered encryption key '00000000000000000000000000000000': 0 pak files mounted, 0 remain pending
[2019.01.28-04.52.46:331][  0]LogContentBrowser: Native class hierarchy updated for 'AddContentDialog' in 0.0005 seconds. Added 0 classes and 0 folders.
[2019.01.28-04.52.46:343][  0]LogContentBrowser: Native class hierarchy updated for 'SceneOutliner' in 0.0005 seconds. Added 1 classes and 2 folders.
[2019.01.28-04.52.46:498][  0]LogSlate: Took 0.006307 seconds to synchronously load lazily loaded font '../../../Engine/Content/Slate/Fonts/Roboto-Regular.ttf' (155K)
[2019.01.28-04.52.46:505][  0]LogSlate: Took 0.005801 seconds to synchronously load lazily loaded font '../../../Engine/Content/Slate/Fonts/Roboto-Bold.ttf' (160K)
[2019.01.28-04.52.46:517][  0]LogSlate: Took 0.005287 seconds to synchronously load lazily loaded font '../../../Engine/Content/Editor/Slate/Fonts/FontAwesome.ttf' (139K)
[2019.01.28-04.52.46:666][  0]LogRenderer: Reallocating scene render targets to support 1208x600 Format 10 NumSamples 1 (Frame:1).
[2019.01.28-04.52.46:811][  0]LogContentBrowser: Native class hierarchy updated for 'HierarchicalLODOutliner' in 0.0006 seconds. Added 0 classes and 0 folders.
[2019.01.28-04.52.46:811][  0]LogLoad: (Engine Initialization) Total time: 25.28 seconds
[2019.01.28-04.52.46:811][  0]LogLoad: (Engine Initialization) Total Blueprint compile time: 0.00 seconds
[2019.01.28-04.52.46:876][  0]LogContentStreaming: Texture pool size now 1000 MB
[2019.01.28-04.52.46:913][  0]LogSlate: Took 0.005975 seconds to synchronously load lazily loaded font '../../../Engine/Content/Slate/Fonts/Roboto-Light.ttf' (167K)
[2019.01.28-04.52.47:175][  4]LogAssetRegistry: Asset discovery search completed in 12.5839 seconds
[2019.01.28-04.52.47:177][  4]LogCollectionManager: Rebuilt the object cache for 0 collections in 0.000000 seconds (found 0 objects)
[2019.01.28-04.52.47:177][  4]LogCollectionManager: Fixed up redirectors for 0 collections in 0.000067 seconds (updated 0 objects)
[2019.01.28-04.52.48:164][  7]LogSlate: Took 0.000194 seconds to synchronously load lazily loaded font '../../../Engine/Content/Slate/Fonts/Roboto-Light.ttf' (167K)
[2019.01.28-04.54.38:372][699]LogSlate: FSceneViewport::OnFocusLost() reason 0
[2019.01.28-04.54.38:500][710]LogAssetEditorManager: Opening Asset editor for Blueprint /Game/AgeofTiles/MacroLibrary/Calculations.Calculations
[2019.01.28-04.54.39:141][710]LogContentBrowser: Native class hierarchy updated for 'BlueprintGraph' in 0.0008 seconds. Added 117 classes and 0 folders.
[2019.01.28-04.54.46:882][516]LogSlate: Took 0.004743 seconds to synchronously load lazily loaded font '../../../Engine/Content/Slate/Fonts/Roboto-BoldCondensed.ttf' (158K)
[2019.01.28-04.54.54:203][319]LogSlate: Window 'Calculations' being destroyed
[2019.01.28-04.54.55:277][441]LogSlate: FSceneViewport::OnFocusLost() reason 0
[2019.01.28-04.55.01:213][ 34]LogSlate: Window 'Delete Assets' being destroyed
[2019.01.28-04.55.02:908][169]LogSavePackage: Moving '../../../../../../Users/mdmur/Documents/Unreal Projects/AgeOfTiles/Saved/RTSTestMap87998CC847658D51D96D39B10B0E9770.tmp' to '../../../../../../Users/mdmur/Documents/Unreal Projects/AgeOfTiles/Content/AgeofTiles/Maps/RTSTestMap.umap'
[2019.01.28-04.55.03:133][169]LogSavePackage: Moving '../../../../../../Users/mdmur/Documents/Unreal Projects/AgeOfTiles/Saved/RTSTestMap_BuiltDataF9FE013C4F592B06E76E1CAFEBE44D12.tmp' to '../../../../../../Users/mdmur/Documents/Unreal Projects/AgeOfTiles/Content/AgeofTiles/Maps/RTSTestMap_BuiltData.uasset'
[2019.01.28-04.55.04:191][294]LogTemp: Repeating last play command: New Editor Window (PIE)
[2019.01.28-04.55.04:211][294]LogBlueprintUserMessages: Early PlayInEditor Detection: Level '/Game/AgeofTiles/Maps/RTSTestMap.RTSTestMap:PersistentLevel' has LevelScriptBlueprint '/Game/AgeofTiles/Maps/RTSTestMap.RTSTestMap:PersistentLevel.RTSTestMap' with GeneratedClass '/Game/AgeofTiles/Maps/RTSTestMap.RTSTestMap_C' with ClassGeneratedBy '/Game/AgeofTiles/Maps/RTSTestMap.RTSTestMap:PersistentLevel.RTSTestMap'
[2019.01.28-04.55.04:211][294]LogPlayLevel: PlayLevel: No blueprints needed recompiling
[2019.01.28-04.55.04:212][294]PIE: New page: PIE session: RTSTestMap (28 Jan 2019 8:55:04 pm)
[2019.01.28-04.55.04:226][294]LogPlayLevel: Creating play world package: /Game/AgeofTiles/Maps/UEDPIE_0_RTSTestMap
[2019.01.28-04.55.04:259][294]LogPlayLevel: PIE: StaticDuplicateObject took: (0.032477s)
[2019.01.28-04.55.04:260][294]LogAIModule: Creating AISystem for world RTSTestMap
[2019.01.28-04.55.04:260][294]LogPlayLevel: PIE: World Init took: (0.000624s)
[2019.01.28-04.55.04:260][294]LogPlayLevel: PIE: Created PIE world by copying editor world from /Game/AgeofTiles/Maps/RTSTestMap.RTSTestMap to /Game/AgeofTiles/Maps/UEDPIE_0_RTSTestMap.RTSTestMap (0.033710s)
[2019.01.28-04.55.04:313][294]LogInit: XAudio2 using 'Speakers / Headphones (Plantronics HD1)' : 6 channels at 48 kHz using 24 bits per sample (channel mask 0x3f)
[2019.01.28-04.55.04:332][294]LogInit: FAudioDevice initialized.
[2019.01.28-04.55.04:337][294]LogSlate: Updating window title bar state: overlay mode, drag disabled, window buttons hidden, title bar hidden
[2019.01.28-04.55.04:380][294]LogLoad: Game class is 'TopDownGameMode_C'
[2019.01.28-04.55.04:383][294]LogWorld: Bringing World /Game/AgeofTiles/Maps/UEDPIE_0_RTSTestMap.RTSTestMap up for play (max tick rate 0) at 2019.01.28-12.55.04
[2019.01.28-04.55.04:386][294]LogWorld: Bringing up level for play took: 0.004009
[2019.01.28-04.55.04:408][294]LogContentBrowser: Native class hierarchy updated for 'MovieSceneCapture' in 0.0006 seconds. Added 20 classes and 0 folders.
[2019.01.28-04.55.04:427][294]PIE: Play in editor start time for /Game/AgeofTiles/Maps/UEDPIE_0_RTSTestMap -0.764
[2019.01.28-04.55.04:427][294]LogBlueprintUserMessages: Late PlayInEditor Detection: Level '/Game/AgeofTiles/Maps/RTSTestMap.RTSTestMap:PersistentLevel' has LevelScriptBlueprint '/Game/AgeofTiles/Maps/RTSTestMap.RTSTestMap:PersistentLevel.RTSTestMap' with GeneratedClass '/Game/AgeofTiles/Maps/RTSTestMap.RTSTestMap_C' with ClassGeneratedBy '/Game/AgeofTiles/Maps/RTSTestMap.RTSTestMap:PersistentLevel.RTSTestMap'
[2019.01.28-04.55.04:476][294]LogRenderer: Reallocating scene render targets to support 1292x756 Format 10 NumSamples 1 (Frame:1).
[2019.01.28-04.55.07:332][629]LogRenderer: Reallocating scene render targets to support 1920x1016 Format 10 NumSamples 1 (Frame:337).
[2019.01.28-04.55.24:636][702]LogSlate: FSceneViewport::OnFocusLost() reason 0
[2019.01.28-04.55.24:686][708]LogBlueprintUserMessages: [Main_HUD_C_0] Worker
[2019.01.28-04.55.29:228][253]LogBlueprintUserMessages: [Main_HUD_C_0] Warrior
[2019.01.28-04.55.30:660][425]LogBlueprintUserMessages: [Main_HUD_C_0] TownCentreUpgrade
[2019.01.28-04.55.32:911][695]LogBlueprintUserMessages: [Main_HUD_C_0] HouseUpgrade
[2019.01.28-04.55.35:661][ 25]LogBlueprintUserMessages: [Main_HUD_C_0] TownCentre
[2019.01.28-04.55.42:004][786]LogBlueprintUserMessages: [CameraPawnControllerController_C_0] TownCentre Has been spawned
[2019.01.28-04.56.45:804][433]LogSlate: Window 'AgeofTiles Game Preview Standalone (64-bit/PCD3D_SM5)' being destroyed
[2019.01.28-04.56.45:808][433]LogBlueprintUserMessages: Early EndPlayMap Detection: Level '/Game/AgeofTiles/Maps/RTSTestMap.RTSTestMap:PersistentLevel' has LevelScriptBlueprint '/Game/AgeofTiles/Maps/RTSTestMap.RTSTestMap:PersistentLevel.RTSTestMap' with GeneratedClass '/Game/AgeofTiles/Maps/RTSTestMap.RTSTestMap_C' with ClassGeneratedBy '/Game/AgeofTiles/Maps/RTSTestMap.RTSTestMap:PersistentLevel.RTSTestMap'
[2019.01.28-04.56.45:839][433]LogPlayLevel: Display: Shutting down PIE online subsystems
[2019.01.28-04.56.45:840][433]LogBlueprintUserMessages: Late EndPlayMap Detection: Level '/Game/AgeofTiles/Maps/RTSTestMap.RTSTestMap:PersistentLevel' has LevelScriptBlueprint '/Game/AgeofTiles/Maps/RTSTestMap.RTSTestMap:PersistentLevel.RTSTestMap' with GeneratedClass '/Game/AgeofTiles/Maps/RTSTestMap.RTSTestMap_C' with ClassGeneratedBy '/Game/AgeofTiles/Maps/RTSTestMap.RTSTestMap:PersistentLevel.RTSTestMap'
[2019.01.28-04.56.45:898][434]LogPlayLevel: Display: Destroying online subsystem :Context_2
[2019.01.28-04.56.51:230][ 68]LogAssetEditorManager: Opening Asset editor for DataTable /Game/AgeofTiles/DataTables/Buildings_Data.Buildings_Data
[2019.01.28-04.57.40:193][923]LogSavePackage: Moving '../../../../../../Users/mdmur/Documents/Unreal Projects/AgeOfTiles/Saved/Buildings_DataAE213DA64BB37CA2459A9AA3523B99BD.tmp' to '../../../../../../Users/mdmur/Documents/Unreal Projects/AgeOfTiles/Content/AgeofTiles/DataTables/Buildings_Data.uasset'
[2019.01.28-04.57.41:472][ 76]LogTemp: Repeating last play command: New Editor Window (PIE)
[2019.01.28-04.57.41:493][ 76]LogBlueprintUserMessages: Early PlayInEditor Detection: Level '/Game/AgeofTiles/Maps/RTSTestMap.RTSTestMap:PersistentLevel' has LevelScriptBlueprint '/Game/AgeofTiles/Maps/RTSTestMap.RTSTestMap:PersistentLevel.RTSTestMap' with GeneratedClass '/Game/AgeofTiles/Maps/RTSTestMap.RTSTestMap_C' with ClassGeneratedBy '/Game/AgeofTiles/Maps/RTSTestMap.RTSTestMap:PersistentLevel.RTSTestMap'
[2019.01.28-04.57.41:493][ 76]LogPlayLevel: PlayLevel: No blueprints needed recompiling
[2019.01.28-04.57.41:493][ 76]PIE: New page: PIE session: RTSTestMap (28 Jan 2019 8:57:41 pm)
[2019.01.28-04.57.41:493][ 76]LogPlayLevel: Creating play world package: /Game/AgeofTiles/Maps/UEDPIE_0_RTSTestMap
[2019.01.28-04.57.41:522][ 76]LogPlayLevel: PIE: StaticDuplicateObject took: (0.029350s)
[2019.01.28-04.57.41:523][ 76]LogAIModule: Creating AISystem for world RTSTestMap
[2019.01.28-04.57.41:523][ 76]LogPlayLevel: PIE: World Init took: (0.000720s)
[2019.01.28-04.57.41:523][ 76]LogPlayLevel: PIE: Created PIE world by copying editor world from /Game/AgeofTiles/Maps/RTSTestMap.RTSTestMap to /Game/AgeofTiles/Maps/UEDPIE_0_RTSTestMap.RTSTestMap (0.030222s)
[2019.01.28-04.57.41:577][ 76]LogInit: XAudio2 using 'Speakers / Headphones (Plantronics HD1)' : 6 channels at 48 kHz using 24 bits per sample (channel mask 0x3f)
[2019.01.28-04.57.41:597][ 76]LogInit: FAudioDevice initialized.
[2019.01.28-04.57.41:634][ 76]LogSlate: Updating window title bar state: overlay mode, drag disabled, window buttons hidden, title bar hidden
[2019.01.28-04.57.41:667][ 76]LogLoad: Game class is 'TopDownGameMode_C'
[2019.01.28-04.57.41:668][ 76]LogWorld: Bringing World /Game/AgeofTiles/Maps/UEDPIE_0_RTSTestMap.RTSTestMap up for play (max tick rate 0) at 2019.01.28-12.57.41
[2019.01.28-04.57.41:668][ 76]LogWorld: Bringing up level for play took: 0.000926
[2019.01.28-04.57.41:693][ 76]PIE: Play in editor start time for /Game/AgeofTiles/Maps/UEDPIE_0_RTSTestMap 0.502
[2019.01.28-04.57.41:693][ 76]LogBlueprintUserMessages: Late PlayInEditor Detection: Level '/Game/AgeofTiles/Maps/RTSTestMap.RTSTestMap:PersistentLevel' has LevelScriptBlueprint '/Game/AgeofTiles/Maps/RTSTestMap.RTSTestMap:PersistentLevel.RTSTestMap' with GeneratedClass '/Game/AgeofTiles/Maps/RTSTestMap.RTSTestMap_C' with ClassGeneratedBy '/Game/AgeofTiles/Maps/RTSTestMap.RTSTestMap:PersistentLevel.RTSTestMap'
[2019.01.28-04.57.48:097][837]LogSlate: FSceneViewport::OnFocusLost() reason 0
[2019.01.28-04.57.52:147][323]LogSlate: FSceneViewport::OnFocusLost() reason 0
[2019.01.28-04.57.52:780][399]LogBlueprintUserMessages: [Main_HUD_C_0] Warrior
[2019.01.28-04.57.53:364][469]LogBlueprintUserMessages: [Main_HUD_C_0] Worker
[2019.01.28-04.57.54:238][574]LogBlueprintUserMessages: [Main_HUD_C_0] TownCentreUpgrade
[2019.01.28-04.57.57:008][904]LogSlate: Window 'AgeofTiles Game Preview Standalone (64-bit/PCD3D_SM5)' being destroyed
[2019.01.28-04.57.57:011][904]LogBlueprintUserMessages: Early EndPlayMap Detection: Level '/Game/AgeofTiles/Maps/RTSTestMap.RTSTestMap:PersistentLevel' has LevelScriptBlueprint '/Game/AgeofTiles/Maps/RTSTestMap.RTSTestMap:PersistentLevel.RTSTestMap' with GeneratedClass '/Game/AgeofTiles/Maps/RTSTestMap.RTSTestMap_C' with ClassGeneratedBy '/Game/AgeofTiles/Maps/RTSTestMap.RTSTestMap:PersistentLevel.RTSTestMap'
[2019.01.28-04.57.57:042][904]LogPlayLevel: Display: Shutting down PIE online subsystems
[2019.01.28-04.57.57:043][904]LogBlueprintUserMessages: Late EndPlayMap Detection: Level '/Game/AgeofTiles/Maps/RTSTestMap.RTSTestMap:PersistentLevel' has LevelScriptBlueprint '/Game/AgeofTiles/Maps/RTSTestMap.RTSTestMap:PersistentLevel.RTSTestMap' with GeneratedClass '/Game/AgeofTiles/Maps/RTSTestMap.RTSTestMap_C' with ClassGeneratedBy '/Game/AgeofTiles/Maps/RTSTestMap.RTSTestMap:PersistentLevel.RTSTestMap'
[2019.01.28-04.57.57:119][905]LogPlayLevel: Display: Destroying online subsystem :Context_3
[2019.01.28-04.58.32:415][133]LogAssetEditorManager: Opening Asset editor for WidgetBlueprint /Game/AgeofTiles/HUDs/Main_HUD.Main_HUD
[2019.01.28-04.58.34:947][375]LogSlate: Took 0.013406 seconds to synchronously load lazily loaded font '../../../Engine/Content/Slate/Fonts/DroidSansFallback.ttf' (3848K)
[2019.01.28-04.58.41:664][169]LogTemp: Repeating last play command: New Editor Window (PIE)
[2019.01.28-04.58.41:688][169]LogBlueprintUserMessages: Early PlayInEditor Detection: Level '/Game/AgeofTiles/Maps/RTSTestMap.RTSTestMap:PersistentLevel' has LevelScriptBlueprint '/Game/AgeofTiles/Maps/RTSTestMap.RTSTestMap:PersistentLevel.RTSTestMap' with GeneratedClass '/Game/AgeofTiles/Maps/RTSTestMap.RTSTestMap_C' with ClassGeneratedBy '/Game/AgeofTiles/Maps/RTSTestMap.RTSTestMap:PersistentLevel.RTSTestMap'
[2019.01.28-04.58.41:688][169]LogPlayLevel: PlayLevel: No blueprints needed recompiling
[2019.01.28-04.58.41:688][169]PIE: New page: PIE session: RTSTestMap (28 Jan 2019 8:58:41 pm)
[2019.01.28-04.58.41:688][169]LogPlayLevel: Creating play world package: /Game/AgeofTiles/Maps/UEDPIE_0_RTSTestMap
[2019.01.28-04.58.41:718][169]LogPlayLevel: PIE: StaticDuplicateObject took: (0.030309s)
[2019.01.28-04.58.41:719][169]LogAIModule: Creating AISystem for world RTSTestMap
[2019.01.28-04.58.41:719][169]LogPlayLevel: PIE: World Init took: (0.000694s)
[2019.01.28-04.58.41:719][169]LogPlayLevel: PIE: Created PIE world by copying editor world from /Game/AgeofTiles/Maps/RTSTestMap.RTSTestMap to /Game/AgeofTiles/Maps/UEDPIE_0_RTSTestMap.RTSTestMap (0.031155s)
[2019.01.28-04.58.41:781][169]LogInit: XAudio2 using 'Speakers / Headphones (Plantronics HD1)' : 6 channels at 48 kHz using 24 bits per sample (channel mask 0x3f)
[2019.01.28-04.58.41:801][169]LogInit: FAudioDevice initialized.
[2019.01.28-04.58.41:825][169]LogSlate: Updating window title bar state: overlay mode, drag disabled, window buttons hidden, title bar hidden
[2019.01.28-04.58.41:858][169]LogLoad: Game class is 'TopDownGameMode_C'
[2019.01.28-04.58.41:859][169]LogWorld: Bringing World /Game/AgeofTiles/Maps/UEDPIE_0_RTSTestMap.RTSTestMap up for play (max tick rate 0) at 2019.01.28-12.58.41
[2019.01.28-04.58.41:859][169]LogWorld: Bringing up level for play took: 0.000850
[2019.01.28-04.58.41:883][169]PIE: Play in editor start time for /Game/AgeofTiles/Maps/UEDPIE_0_RTSTestMap 0.692
[2019.01.28-04.58.41:883][169]LogBlueprintUserMessages: Late PlayInEditor Detection: Level '/Game/AgeofTiles/Maps/RTSTestMap.RTSTestMap:PersistentLevel' has LevelScriptBlueprint '/Game/AgeofTiles/Maps/RTSTestMap.RTSTestMap:PersistentLevel.RTSTestMap' with GeneratedClass '/Game/AgeofTiles/Maps/RTSTestMap.RTSTestMap_C' with ClassGeneratedBy '/Game/AgeofTiles/Maps/RTSTestMap.RTSTestMap:PersistentLevel.RTSTestMap'
[2019.01.28-04.58.45:104][545]LogSlate: FSceneViewport::OnFocusLost() reason 0
[2019.01.28-04.58.47:436][814]LogSlate: Window 'AgeofTiles Game Preview Standalone (64-bit/PCD3D_SM5)' being destroyed
[2019.01.28-04.58.47:439][814]LogBlueprintUserMessages: Early EndPlayMap Detection: Level '/Game/AgeofTiles/Maps/RTSTestMap.RTSTestMap:PersistentLevel' has LevelScriptBlueprint '/Game/AgeofTiles/Maps/RTSTestMap.RTSTestMap:PersistentLevel.RTSTestMap' with GeneratedClass '/Game/AgeofTiles/Maps/RTSTestMap.RTSTestMap_C' with ClassGeneratedBy '/Game/AgeofTiles/Maps/RTSTestMap.RTSTestMap:PersistentLevel.RTSTestMap'
[2019.01.28-04.58.47:471][814]LogPlayLevel: Display: Shutting down PIE online subsystems
[2019.01.28-04.58.47:472][814]LogBlueprintUserMessages: Late EndPlayMap Detection: Level '/Game/AgeofTiles/Maps/RTSTestMap.RTSTestMap:PersistentLevel' has LevelScriptBlueprint '/Game/AgeofTiles/Maps/RTSTestMap.RTSTestMap:PersistentLevel.RTSTestMap' with GeneratedClass '/Game/AgeofTiles/Maps/RTSTestMap.RTSTestMap_C' with ClassGeneratedBy '/Game/AgeofTiles/Maps/RTSTestMap.RTSTestMap:PersistentLevel.RTSTestMap'
[2019.01.28-04.58.47:523][815]LogPlayLevel: Display: Destroying online subsystem :Context_6
[2019.01.28-04.58.49:658][ 52]LogSlate: Took 0.004973 seconds to synchronously load lazily loaded font '../../../Engine/Content/Slate/Fonts/Roboto-Italic.ttf' (157K)
[2019.01.28-05.00.12:881][869]LogSlate: Took 0.004735 seconds to synchronously load lazily loaded font '../../../Engine/Content/Slate/Fonts/Roboto-BoldCondensedItalic.ttf' (160K)
[2019.01.28-05.02.30:199][162]BlueprintLog: New page: Compile Main_HUD
[2019.01.28-05.02.31:050][223]Cmd: OBJ SAVEPACKAGE PACKAGE="/Game/AgeofTiles/HUDs/Main_HUD" FILE="../../../../../../Users/mdmur/Documents/Unreal Projects/AgeOfTiles/Content/AgeofTiles/HUDs/Main_HUD.uasset" SILENT=true
[2019.01.28-05.02.31:295][223]LogSavePackage: Moving '../../../../../../Users/mdmur/Documents/Unreal Projects/AgeOfTiles/Saved/Main_HUD3A3B8BD9414F8A1DC4DBC085079D8ECC.tmp' to '../../../../../../Users/mdmur/Documents/Unreal Projects/AgeOfTiles/Content/AgeofTiles/HUDs/Main_HUD.uasset'
[2019.01.28-05.07.05:303][ 87]LogFileHelpers: Editor autosave (incl. sublevels) for '/Game/AgeofTiles/Maps/RTSTestMap' took 0.040
[2019.01.28-06.16.51:158][181]LogInit: XAudio2 using 'Speakers (Realtek High Definition Audio)' : 2 channels at 48 kHz using 32 bits per sample (channel mask 0x3)
